2019-08-25 18:14:03|   0.1|  0.1|INFORM|FME 2019.0.2.0 (20190605 - Build 19260 - macosx)
2019-08-25 18:14:03|   0.1|  0.0|INFORM|FME_HOME is '/Library/FME/2019.0/'
2019-08-25 18:14:03|   0.1|  0.0|INFORM|FME Home Edition (node locked-crc)
2019-08-25 18:14:03|   0.1|  0.0|INFORM|Serial Number: 0
2019-08-25 18:14:03|   0.1|  0.0|INFORM|Temporary License: 343 days left.
2019-08-25 18:14:03|   0.1|  0.0|INFORM|Machine host name is: Robs-MBP
2019-08-25 18:14:03|   0.1|  0.0|INFORM|START - ProcessID: 35937, peak process memory usage: 69128 kB, current process memory usage: 69128 kB
2019-08-25 18:14:03|   0.1|  0.0|INFORM|FME Configuration: Command line arguments are `/Library/FME/2019.0//bin/fme' `/Users/robwebster/Documents/GitHub/robwebby.github.io/FME/MySecondApp/Completed/wb-xlate-1566753239676_19744' `LOG_STANDARDOUT' `YES' `LogCountServerName' `{fa1edf9e-b3c6-416e-927f-b346136185da}' `LOG_TIMINGS' `Yes'
2019-08-25 18:14:03|   0.1|  0.0|INFORM|FME Configuration: Connection Storage: '/Users/robwebster/Library/Caches/Safe Software/FME/'
2019-08-25 18:14:03|   0.2|  0.2|INFORM|Shared folders for formats are : /Library/FME/2019.0/datasources;/Users/robwebster/Library/Application Support/FME/Formats
2019-08-25 18:14:03|   0.2|  0.0|INFORM|Shared folders for transformers are : /Users/robwebster/Library/Caches/Safe Software/FME/Packages/19260-macosx/transformers;/Library/FME/2019.0/transformers;/Users/robwebster/Library/Caches/Safe Software/FME/FME Store/Transformers
2019-08-25 18:14:03|   0.2|  0.0|INFORM|Shared folders for coordinate systems are : /Users/robwebster/Library/Application Support/FME/CoordinateSystems
2019-08-25 18:14:03|   0.2|  0.0|INFORM|Shared folders for coordinate system exceptions are : /Users/robwebster/Library/Application Support/FME/CoordinateSystemExceptions
2019-08-25 18:14:03|   0.2|  0.0|INFORM|Shared folders for coordinate system grid overrides are : /Users/robwebster/Library/Application Support/FME/CoordinateSystemGridOverrides
2019-08-25 18:14:03|   0.2|  0.0|INFORM|Shared folders for CS-MAP transformation exceptions are : /Users/robwebster/Library/Application Support/FME/CsmapTransformationExceptions
2019-08-25 18:14:03|   0.2|  0.0|INFORM|Shared folders for transformer categories are : /Users/robwebster/Library/Application Support/FME/TransformerCategories
2019-08-25 18:14:03|   0.2|  0.0|INFORM|FME Configuration: Reader Keyword is `MULTI_READER'
2019-08-25 18:14:03|   0.2|  0.0|INFORM|FME Configuration: Writer Keyword is `MULTI_WRITER'
2019-08-25 18:14:03|   0.2|  0.0|INFORM|FME Configuration: Writer Group Definition Keyword is `MULTI_WRITER_DEF'
2019-08-25 18:14:03|   0.2|  0.0|INFORM|FME Configuration: Reader type is `MULTI_READER'
2019-08-25 18:14:03|   0.2|  0.0|INFORM|FME Configuration: Writer type is `MULTI_WRITER'
2019-08-25 18:14:03|   0.2|  0.0|INFORM|FME Configuration: No destination coordinate system set
2019-08-25 18:14:03|   0.2|  0.0|INFORM|FME Configuration: Current working folder is `/Users/robwebster/Documents/GitHub/robwebby.github.io/FME/MySecondApp/Completed'
2019-08-25 18:14:03|   0.2|  0.0|INFORM|FME Configuration: Temporary folder is in the system location `/private/tmp'
2019-08-25 18:14:03|   0.2|  0.0|INFORM|FME Configuration: FME_HOME is `/Library/FME/2019.0/'
2019-08-25 18:14:03|   0.2|  0.0|INFORM|FME Configuration: FME_BASE is 'no'
2019-08-25 18:14:03|   0.2|  0.0|INFORM|FME Configuration: FME_MF_DIR is '/Users/robwebster/Documents/GitHub/robwebby.github.io/FME/MySecondApp/Completed/'
2019-08-25 18:14:03|   0.2|  0.0|INFORM|FME Configuration: FME_MF_NAME is 'webapp.bcroads.fmw'
2019-08-25 18:14:03|   0.2|  0.0|INFORM|FME Configuration: FME_PRODUCT_NAME is 'FME(R) 2019.0.2.0'
2019-08-25 18:14:03|   0.2|  0.0|INFORM|System Status: 2.10 TB of disk space available in the FME temporary folder (/private/tmp)
2019-08-25 18:14:03|   0.2|  0.0|INFORM|System Status: 10.00 GB of virtual memory available
2019-08-25 18:14:03|   0.3|  0.0|INFORM|Operating System: Mac OS X Version 10.14.6 (Build 18G87)
2019-08-25 18:14:03|   0.3|  0.0|INFORM|FME Platform: macosx
2019-08-25 18:14:03|   0.3|  0.0|INFORM|Locale: en_GB
2019-08-25 18:14:03|   0.3|  0.0|INFORM|FME Configuration: Process limit is 8.00 GB of physical memory
2019-08-25 18:14:03|   0.3|  0.0|INFORM|FME Configuration: Start freeing memory when process usage exceeds 8.83 GB of virtual memory
2019-08-25 18:14:03|   0.3|  0.0|INFORM|FME Configuration: Stop freeing memory when process usage is below 6.62 GB of virtual memory
2019-08-25 18:14:03|   0.3|  0.1|INFORM|Creating writer for format: 
2019-08-25 18:14:03|   0.3|  0.0|INFORM|Creating reader for format: 
2019-08-25 18:14:03|   0.3|  0.0|INFORM|MULTI_READER(MULTI_READER): Will fail with first member reader failure
2019-08-25 18:14:03|   0.3|  0.0|INFORM|Using Multi Reader with keyword `MULTI_READER' to read multiple datasets
2019-08-25 18:14:03|   0.3|  0.0|INFORM|Using MultiWriter with keyword `MULTI_WRITER' to output data (ID_ATTRIBUTE is `multi_writer_id')
2019-08-25 18:14:03|   0.3|  0.0|INFORM|Writer output will be ordered by value of multi_writer_id
2019-08-25 18:14:03|   0.3|  0.0|INFORM|DYLD_LIBRARY_PATH is not set
2019-08-25 18:14:03|   0.4|  0.1|INFORM|Loaded module 'Geometry_func' from file '/Library/FME/2019.0//plugins/geometry_func.so'
2019-08-25 18:14:03|   0.4|  0.0|INFORM|FME API version of module 'Geometry_func' matches current internal version (3.8 20181030)
2019-08-25 18:14:03|   0.5|  0.1|INFORM|Loaded module 'LogCount_func' from file '/Library/FME/2019.0//plugins/logcount_func.so'
2019-08-25 18:14:03|   0.5|  0.0|INFORM|FME API version of module 'LogCount_func' matches current internal version (3.8 20181030)
2019-08-25 18:14:03|   0.5|  0.1|INFORM|Loaded module 'HTTPFactory' from file '/Library/FME/2019.0//plugins/httpfactory.so'
2019-08-25 18:14:03|   0.5|  0.0|INFORM|FME API version of module 'HTTPFactory' matches current internal version (3.8 20181030)
2019-08-25 18:14:04|   0.6|  0.1|INFORM|Loaded module 'JSONQueryFactory' from file '/Library/FME/2019.0//plugins/jsonqueryfactory.so'
2019-08-25 18:14:04|   0.6|  0.0|INFORM|FME API version of module 'JSONQueryFactory' matches current internal version (3.8 20181030)
2019-08-25 18:14:04|   0.6|  0.1|INFORM|FME API version of module 'JSONQueryFactory' matches current internal version (3.8 20181030)
2019-08-25 18:14:04|   0.6|  0.0|INFORM|Loaded module 'JSONGeometry_func' from file '/Library/FME/2019.0//plugins/jsongeometry_func.so'
2019-08-25 18:14:04|   0.6|  0.0|INFORM|FME API version of module 'JSONGeometry_func' matches current internal version (3.8 20181030)
2019-08-25 18:14:04|   0.7|  0.1|INFORM|Loaded module 'OGCGeometry_func' from file '/Library/FME/2019.0//plugins/ogcgeometry_func.so'
2019-08-25 18:14:04|   0.7|  0.0|INFORM|FME API version of module 'OGCGeometry_func' matches current internal version (3.8 20181030)
2019-08-25 18:14:04|   0.8|  0.1|INFORM|Loaded module 'RasterClippingFactory' from file '/Library/FME/2019.0//plugins/rasterclippingfactory.so'
2019-08-25 18:14:04|   0.8|  0.0|INFORM|FME API version of module 'RasterClippingFactory' matches current internal version (3.8 20181030)
2019-08-25 18:14:04|   0.8|  0.1|INFORM|Loaded module 'SolidIntersectionFactory' from file '/Library/FME/2019.0//plugins/solidintersectionfactory.so'
2019-08-25 18:14:04|   0.8|  0.0|INFORM|FME API version of module 'SolidIntersectionFactory' matches current internal version (3.8 20181030)
2019-08-25 18:14:04|   0.9|  0.1|INFORM|Loaded module 'DuplicateRemoverFactory' from file '/Library/FME/2019.0//plugins/duplicateremoverfactory.so'
2019-08-25 18:14:04|   0.9|  0.0|INFORM|FME API version of module 'DuplicateRemoverFactory' matches current internal version (3.8 20181030)
2019-08-25 18:14:04|   0.9|  0.0|INFORM|Emptying factory pipeline
2019-08-25 18:14:04|   0.9|  0.0|STATS |Storing feature(s) to FME feature store file `/private/tmp/wb-cache-webapp.bcroads-zMxSYj/Main_Creator -1 2 fo 0 CREATED  0  158c62a51588b6741caa62f939e9c32bc8a45872.ffsupdating'
2019-08-25 18:14:04|   0.9|  0.0|STATS |Storing feature(s) to FME feature store file `/private/tmp/wb-cache-webapp.bcroads-zMxSYj/Main_GeometryReplacer -1 3 fo 0 OUTPUT  0  aaac417c0bf640bddd98e0f7b5254d7f000c648b.ffsupdating'
2019-08-25 18:14:04|   1.0|  0.0|STATS |Storing feature(s) to FME feature store file `/private/tmp/wb-cache-webapp.bcroads-zMxSYj/Main_CoordinateSystemSetter -1 5 fo 0 OUTPUT  0  5fb882d9c4ec9368408c7d7b4c507174a31aaf18.ffsupdating'
2019-08-25 18:14:06|   1.0|  0.0|INFORM|HTTPCaller (HTTPFactory): HTTP/FTP Transfer: Downloading resource 'http://api.open511.gov.bc.ca/events?format=json&status=ACTIVE' to internal memory buffer
2019-08-25 18:14:06|   1.0|  0.0|INFORM|HTTPCaller (HTTPFactory): HTTP transfer summary - status code: 200, download size: '38524 bytes', DNS lookup time: '0.164118 seconds', total transfer time: '2.016038 seconds', url: 'http://api.open511.gov.bc.ca/events?format=json&status=ACTIVE'
2019-08-25 18:14:06|   1.0|  0.0|STATS |Storing feature(s) to FME feature store file `/private/tmp/wb-cache-webapp.bcroads-zMxSYj/Main_HTTPCaller -1 7 fo 0 Output  0  b808324a0b0f3aded355149b1713af3ae02be924.ffsupdating'
2019-08-25 18:14:06|   1.1|  0.0|STATS |Storing feature(s) to FME feature store file `/private/tmp/wb-cache-webapp.bcroads-zMxSYj/Main_JSONFragmenter -1 9 fo 0 FRAGMENTS  0  26fea7915d67a1ac6b31f7f80ae55eafb7667270.ffsupdating'
2019-08-25 18:14:06|   1.1|  0.0|STATS |Storing feature(s) to FME feature store file `/private/tmp/wb-cache-webapp.bcroads-zMxSYj/Main_JSONFragmenter_2 -1 11 fo 0 FRAGMENTS  0  b0c1845e03144c2c508f19e13dd79346e2ba5caf.ffsupdating'
2019-08-25 18:14:06|   1.1|  0.0|STATS |Storing feature(s) to FME feature store file `/private/tmp/wb-cache-webapp.bcroads-zMxSYj/Main_GeometryReplacer_2 -1 13 fo 0 OUTPUT  0  2d4146421322d8f270a4a27a64578373ce6e0d47.ffsupdating'
2019-08-25 18:14:06|   1.1|  0.0|STATS |Storing feature(s) to FME feature store file `/private/tmp/wb-cache-webapp.bcroads-zMxSYj/Main_CoordinateSystemSetter_2 -1 15 fo 0 OUTPUT  0  137c1673bd2b497fe7ea843b5961bca893538457.ffsupdating'
2019-08-25 18:14:07|   1.4|  0.2|STATS |Creator_XML_Creator (CreationFactory): Created 1 features
2019-08-25 18:14:07|   1.4|  0.0|STATS |Creator_Cloner (TeeFactory): Cloned 1 input feature(s) into 1 output feature(s)
2019-08-25 18:14:07|   1.4|  0.0|STATS |Creator CREATED Splitter (TeeFactory): Cloned 1 input feature(s) into 2 output feature(s)
2019-08-25 18:14:07|   1.4|  0.0|STATS |Creator_CREATED_0_GJAgmIF9G6c= Feature Counter -1 4 (TeeFactory): Cloned 1 input feature(s) into 1 output feature(s)
2019-08-25 18:14:07|   1.4|  0.0|STATS |Creator_CREATED_0_GJAgmIF9G6c= Brancher -1 4 (BranchingFactory): Branched 1 input feature -- 1 feature routed to the target factory, and 0 features routed to the fallback factory.
2019-08-25 18:14:07|   1.4|  0.0|STATS |Creator_CREATED_1_Exx7idfjvCA= Feature Counter -1 8 (TeeFactory): Cloned 1 input feature(s) into 1 output feature(s)
2019-08-25 18:14:07|   1.4|  0.0|STATS |Creator_CREATED_1_Exx7idfjvCA= Brancher -1 8 (BranchingFactory): Branched 1 input feature -- 1 feature routed to the target factory, and 0 features routed to the fallback factory.
2019-08-25 18:14:07|   1.4|  0.0|STATS |_CREATOR_BRANCH_TARGET (TeeFactory): Cloned 2 input feature(s) into 2 output feature(s)
2019-08-25 18:14:07|   1.4|  0.0|STATS |HTTPCaller_Output Feature Counter -1 10 (TeeFactory): Cloned 1 input feature(s) into 1 output feature(s)
2019-08-25 18:14:07|   1.4|  0.0|STATS |HTTPCaller_<REJECTED> Feature Counter -1 2147680263 (TeeFactory): Cloned 0 input feature(s) into 0 output feature(s)
2019-08-25 18:14:07|   1.4|  0.0|STATS |HTTPCaller_<Rejected> (TeeFactory): Cloned 0 input feature(s) into 0 output feature(s)
2019-08-25 18:14:07|   1.4|  0.0|STATS |JSONFragmenter_FRAGMENTS Feature Counter -1 12 (TeeFactory): Cloned 50 input feature(s) into 50 output feature(s)
2019-08-25 18:14:07|   1.4|  0.0|STATS |JSONFragmenter_<REJECTED> Feature Counter -1 2147680265 (TeeFactory): Cloned 0 input feature(s) into 0 output feature(s)
2019-08-25 18:14:07|   1.4|  0.0|STATS |JSONFragmenter_<Rejected> (TeeFactory): Cloned 0 input feature(s) into 0 output feature(s)
2019-08-25 18:14:07|   1.4|  0.0|STATS |JSONFragmenter_2_FRAGMENTS Feature Counter -1 14 (TeeFactory): Cloned 50 input feature(s) into 50 output feature(s)
2019-08-25 18:14:07|   1.4|  0.0|STATS |JSONFragmenter_2_<REJECTED> Feature Counter -1 2147680267 (TeeFactory): Cloned 0 input feature(s) into 0 output feature(s)
2019-08-25 18:14:07|   1.4|  0.0|STATS |JSONFragmenter_2_<Rejected> (TeeFactory): Cloned 0 input feature(s) into 0 output feature(s)
2019-08-25 18:14:07|   1.4|  0.0|STATS |GeometryReplacer_2 (TeeFactory): Cloned 50 input feature(s) into 50 output feature(s)
2019-08-25 18:14:07|   1.4|  0.0|STATS |GeometryReplacer_2_Rejector (TestFactory): Tested 50 input feature(s) -- 0 feature(s) passed and 50 feature(s) failed
2019-08-25 18:14:07|   1.4|  0.0|STATS |GeometryReplacer_2_OUTPUT Feature Counter -1 16 (TeeFactory): Cloned 50 input feature(s) into 50 output feature(s)
2019-08-25 18:14:07|   1.4|  0.0|STATS |GeometryReplacer_2_<REJECTED> Feature Counter -1 2147680269 (TeeFactory): Cloned 0 input feature(s) into 0 output feature(s)
2019-08-25 18:14:07|   1.4|  0.0|STATS |GeometryReplacer_2_<Rejected> (TeeFactory): Cloned 0 input feature(s) into 0 output feature(s)
2019-08-25 18:14:07|   1.4|  0.0|STATS |CoordinateSystemSetter_2 (TeeFactory): Cloned 50 input feature(s) into 50 output feature(s)
2019-08-25 18:14:07|   1.4|  0.0|STATS |CoordinateSystemSetter_2_OUTPUT Feature Counter -1 19 (TeeFactory): Cloned 50 input feature(s) into 50 output feature(s)
2019-08-25 18:14:07|   1.4|  0.0|STATS |GeometryReplacer (TeeFactory): Cloned 1 input feature(s) into 1 output feature(s)
2019-08-25 18:14:07|   1.4|  0.0|STATS |GeometryReplacer_Rejector (TestFactory): Tested 1 input feature(s) -- 0 feature(s) passed and 1 feature(s) failed
2019-08-25 18:14:07|   1.4|  0.0|STATS |GeometryReplacer_OUTPUT Feature Counter -1 6 (TeeFactory): Cloned 1 input feature(s) into 1 output feature(s)
2019-08-25 18:14:07|   1.4|  0.0|STATS |GeometryReplacer_<REJECTED> Feature Counter -1 2147680259 (TeeFactory): Cloned 0 input feature(s) into 0 output feature(s)
2019-08-25 18:14:07|   1.4|  0.0|STATS |GeometryReplacer_<Rejected> (TeeFactory): Cloned 0 input feature(s) into 0 output feature(s)
2019-08-25 18:14:07|   1.4|  0.0|STATS |CoordinateSystemSetter (TeeFactory): Cloned 1 input feature(s) into 1 output feature(s)
2019-08-25 18:14:07|   1.4|  0.0|STATS |CoordinateSystemSetter_OUTPUT Feature Counter -1 18 (TeeFactory): Cloned 1 input feature(s) into 1 output feature(s)
2019-08-25 18:14:07|   1.4|  0.0|STATS |Clipper_ClipperCloner (TeeFactory): Cloned 1 input feature(s) into 2 output feature(s)
2019-08-25 18:14:07|   1.4|  0.0|STATS |Clipper_SolidClipperFilter (TestFactory): Tested 1 input feature(s) -- 0 feature(s) passed and 1 feature(s) failed
2019-08-25 18:14:07|   1.4|  0.0|STATS |Clipper_ClippeeFilter (TestFactory): Tested 50 input feature(s) -- 0 feature(s) passed and 50 feature(s) failed
2019-08-25 18:14:07|   1.4|  0.0|INFORM|Clipper_Vector (ClippingFactory): Clipping with an automatic tolerance of 2.4729854933270227e-13
2019-08-25 18:14:07|   1.4|  0.0|STATS |Storing feature(s) to FME feature store file `/private/tmp/wb-cache-webapp.bcroads-zMxSYj/Main_Clipper -1 17 fo 1 OUTSIDE  0  ac5d2edbb17d10486a7cfea8b25fccfb7fc1e915.ffsupdating'
2019-08-25 18:14:07|   1.4|  0.1|STATS |Storing feature(s) to FME feature store file `/private/tmp/wb-cache-webapp.bcroads-zMxSYj/Main_Clipper -1 17 fo 0 INSIDE  0  3d1a9589c05c758bafa90428cd127a2398ed4b70.ffsupdating'
2019-08-25 18:14:07|   1.5|  0.0|STATS |Storing feature(s) to FME feature store file `/private/tmp/wb-cache-webapp.bcroads-zMxSYj/Main_NoFeaturesTester -1 20 fo 1 OUTPUT  0  892753829e59f7c053a915765c83a3c14b1aaec5.ffsupdating'
2019-08-25 18:14:07|   1.5|  0.0|STATS |Clipper_Vector (ClippingFactory): Group '' had 50 input feature(s): 0 feature(s) were clipped, 3 feature(s) were totally inside and 47 feature(s) were totally outside
2019-08-25 18:14:07|   1.5|  0.0|STATS |Clipper_Vector (ClippingFactory): Processed 50 input feature(s), of which 0 feature(s) were clipped, 3 feature(s) were totally inside and 47 feature(s) were totally outside
2019-08-25 18:14:07|   1.5|  0.0|WARN  |Clipper_Solid (SolidIntersectionFactory): No clipper supplied, all clipees will be treated as OUTSIDE
2019-08-25 18:14:07|   1.5|  0.0|STATS |Clipper_Nuker (TeeFactory): Cloned 0 input feature(s) into 0 output feature(s)
2019-08-25 18:14:07|   1.5|  0.0|STATS |Clipper_INSIDE Feature Counter -1 21 (TeeFactory): Cloned 3 input feature(s) into 3 output feature(s)
2019-08-25 18:14:07|   1.5|  0.0|STATS |Clipper_OUTSIDE Feature Counter -1 2147680273 (TeeFactory): Cloned 47 input feature(s) into 0 output feature(s)
2019-08-25 18:14:07|   1.5|  0.0|STATS |Clipper_<REJECTED> Feature Counter -1 2147745809 (TeeFactory): Cloned 0 input feature(s) into 0 output feature(s)
2019-08-25 18:14:07|   1.5|  0.0|STATS |Clipper_<Rejected> (TeeFactory): Cloned 0 input feature(s) into 0 output feature(s)
2019-08-25 18:14:07|   1.5|  0.0|STATS |NoFeaturesTester INPUT Input Collector (TeeFactory): Cloned 3 input feature(s) into 3 output feature(s)
2019-08-25 18:14:07|   1.5|  0.0|STATS |NoFeaturesTester_INPUT1566753242 Input Splitter (TeeFactory): Cloned 3 input feature(s) into 6 output feature(s)
2019-08-25 18:14:07|   1.5|  0.0|STATS |NoFeaturesTester_INPUT_0_+E1Q/jEAYrs= Feature Counter 0 13 (TeeFactory): Cloned 3 input feature(s) into 3 output feature(s)
2019-08-25 18:14:07|   1.5|  0.0|STATS |NoFeaturesTester_INPUT_1_iXTHWeHVWrY= Feature Counter 0 14 (TeeFactory): Cloned 3 input feature(s) into 3 output feature(s)
2019-08-25 18:14:07|   1.5|  0.0|STATS |NoFeaturesTester_Creator_XML_Creator (CreationFactory): Created 1 features
2019-08-25 18:14:07|   1.5|  0.0|STATS |NoFeaturesTester_Creator_Cloner (TeeFactory): Cloned 1 input feature(s) into 1 output feature(s)
2019-08-25 18:14:07|   1.5|  0.0|STATS |NoFeaturesTester_Creator_CREATED Feature Counter 0 12 (TeeFactory): Cloned 1 input feature(s) into 1 output feature(s)
2019-08-25 18:14:07|   1.5|  0.0|STATS |NoFeaturesTester_Creator_CREATED Brancher 0 12 (BranchingFactory): Branched 1 input feature -- 1 feature routed to the target factory, and 0 features routed to the fallback factory.
2019-08-25 18:14:07|   1.5|  0.0|STATS |NoFeaturesTester_CREATOR_BRANCH_TARGET (TeeFactory): Cloned 7 input feature(s) into 7 output feature(s)
2019-08-25 18:14:07|   1.5|  0.0|STATS |NoFeaturesTester_AttributeCreator_3_OUTPUT Feature Counter 0 18 (TeeFactory): Cloned 1 input feature(s) into 1 output feature(s)
2019-08-25 18:14:07|   1.5|  0.0|STATS |NoFeaturesTester_Sampler (SamplingFactory): Sampled 1 of 3 feature(s)
2019-08-25 18:14:07|   1.5|  0.0|STATS |NoFeaturesTester_Sampler_Sampled (TeeFactory): Cloned 1 input feature(s) into 1 output feature(s)
2019-08-25 18:14:07|   1.5|  0.0|STATS |NoFeaturesTester_Sampler_SAMPLED Feature Counter 0 15 (TeeFactory): Cloned 1 input feature(s) into 1 output feature(s)
2019-08-25 18:14:07|   1.5|  0.0|STATS |NoFeaturesTester_Sampler_NOT_SAMPLED Feature Counter 0 2147680261 (TeeFactory): Cloned 2 input feature(s) into 0 output feature(s)
2019-08-25 18:14:07|   1.5|  0.0|STATS |NoFeaturesTester_AttributeCreator_2_OUTPUT Feature Counter 0 17 (TeeFactory): Cloned 1 input feature(s) into 1 output feature(s)
2019-08-25 18:14:07|   1.5|  0.0|STATS |NoFeaturesTester_DuplicateFilter_UNIQUE Feature Counter 0 16 (TeeFactory): Cloned 1 input feature(s) into 1 output feature(s)
2019-08-25 18:14:07|   1.5|  0.0|STATS |NoFeaturesTester_DuplicateFilter_DUPLICATE Feature Counter 0 2147680263 (TeeFactory): Cloned 1 input feature(s) into 0 output feature(s)
2019-08-25 18:14:07|   1.5|  0.0|STATS |NoFeaturesTester_Tester (TestFactory): Tested 1 input feature(s) -- 0 feature(s) passed and 1 feature(s) failed
2019-08-25 18:14:07|   1.5|  0.0|STATS |NoFeaturesTester_Tester_PASSED Feature Counter 0 20 (TeeFactory): Cloned 0 input feature(s) into 0 output feature(s)
2019-08-25 18:14:07|   1.5|  0.0|STATS |NoFeaturesTester_Tester_FAILED Feature Counter 0 2147680267 (TeeFactory): Cloned 1 input feature(s) into 0 output feature(s)
2019-08-25 18:14:07|   1.5|  0.0|STATS |NoFeaturesTester_AttributeRemover (TeeFactory): Cloned 0 input feature(s) into 0 output feature(s)
2019-08-25 18:14:07|   1.5|  0.0|STATS |NoFeaturesTester_AttributeRemover_OUTPUT Feature Counter 0 19 (TeeFactory): Cloned 0 input feature(s) into 0 output feature(s)
2019-08-25 18:14:07|   1.5|  0.0|STATS |NoFeaturesTester_NOINPUT1566753242 Output Collector (TeeFactory): Cloned 0 input feature(s) into 0 output feature(s)
2019-08-25 18:14:07|   1.5|  0.0|STATS |NoFeaturesTester_OUTPUT1566753242 Output Collector (TeeFactory): Cloned 3 input feature(s) into 3 output feature(s)
2019-08-25 18:14:07|   1.5|  0.0|STATS |NoFeaturesTester NOINPUT Output Renamer/Nuker (TeeFactory): Cloned 0 input feature(s) into 0 output feature(s)
2019-08-25 18:14:07|   1.5|  0.0|STATS |NoFeaturesTester OUTPUT Output Renamer/Nuker (TeeFactory): Cloned 3 input feature(s) into 3 output feature(s)
2019-08-25 18:14:07|   1.5|  0.0|STATS |Stored 3 feature(s) to FME feature store file `/private/tmp/wb-cache-webapp.bcroads-zMxSYj/Main_NoFeaturesTester -1 20 fo 1 OUTPUT  0  892753829e59f7c053a915765c83a3c14b1aaec5.ffsupdating'
2019-08-25 18:14:07|   1.5|  0.0|INFORM|Saving spatial index into file '/private/tmp/wb-cache-webapp.bcroads-zMxSYj/Main_NoFeaturesTester -1 20 fo 1 OUTPUT  0  892753829e59f7c053a915765c83a3c14b1aaec5.fsi'
2019-08-25 18:14:07|   1.5|  0.0|INFORM|Finished saving spatial index into file '/private/tmp/wb-cache-webapp.bcroads-zMxSYj/Main_NoFeaturesTester -1 20 fo 1 OUTPUT  0  892753829e59f7c053a915765c83a3c14b1aaec5.fsi'
2019-08-25 18:14:07|   1.5|  0.0|STATS |Stored 3 feature(s) to FME feature store file `/private/tmp/wb-cache-webapp.bcroads-zMxSYj/Main_Clipper -1 17 fo 0 INSIDE  0  3d1a9589c05c758bafa90428cd127a2398ed4b70.ffsupdating'
2019-08-25 18:14:07|   1.5|  0.0|INFORM|Saving spatial index into file '/private/tmp/wb-cache-webapp.bcroads-zMxSYj/Main_Clipper -1 17 fo 0 INSIDE  0  3d1a9589c05c758bafa90428cd127a2398ed4b70.fsi'
2019-08-25 18:14:07|   1.5|  0.0|INFORM|Finished saving spatial index into file '/private/tmp/wb-cache-webapp.bcroads-zMxSYj/Main_Clipper -1 17 fo 0 INSIDE  0  3d1a9589c05c758bafa90428cd127a2398ed4b70.fsi'
2019-08-25 18:14:07|   1.5|  0.0|STATS |Stored 47 feature(s) to FME feature store file `/private/tmp/wb-cache-webapp.bcroads-zMxSYj/Main_Clipper -1 17 fo 1 OUTSIDE  0  ac5d2edbb17d10486a7cfea8b25fccfb7fc1e915.ffsupdating'
2019-08-25 18:14:07|   1.5|  0.0|INFORM|Saving spatial index into file '/private/tmp/wb-cache-webapp.bcroads-zMxSYj/Main_Clipper -1 17 fo 1 OUTSIDE  0  ac5d2edbb17d10486a7cfea8b25fccfb7fc1e915.fsi'
2019-08-25 18:14:07|   1.5|  0.0|INFORM|Finished saving spatial index into file '/private/tmp/wb-cache-webapp.bcroads-zMxSYj/Main_Clipper -1 17 fo 1 OUTSIDE  0  ac5d2edbb17d10486a7cfea8b25fccfb7fc1e915.fsi'
2019-08-25 18:14:07|   1.5|  0.0|STATS |Stored 1 feature(s) to FME feature store file `/private/tmp/wb-cache-webapp.bcroads-zMxSYj/Main_Creator -1 2 fo 0 CREATED  0  158c62a51588b6741caa62f939e9c32bc8a45872.ffsupdating'
2019-08-25 18:14:07|   1.5|  0.0|INFORM|Saving spatial index into file '/private/tmp/wb-cache-webapp.bcroads-zMxSYj/Main_Creator -1 2 fo 0 CREATED  0  158c62a51588b6741caa62f939e9c32bc8a45872.fsi'
2019-08-25 18:14:07|   1.5|  0.0|INFORM|Finished saving spatial index into file '/private/tmp/wb-cache-webapp.bcroads-zMxSYj/Main_Creator -1 2 fo 0 CREATED  0  158c62a51588b6741caa62f939e9c32bc8a45872.fsi'
2019-08-25 18:14:07|   1.5|  0.0|STATS |Stored 1 feature(s) to FME feature store file `/private/tmp/wb-cache-webapp.bcroads-zMxSYj/Main_CoordinateSystemSetter -1 5 fo 0 OUTPUT  0  5fb882d9c4ec9368408c7d7b4c507174a31aaf18.ffsupdating'
2019-08-25 18:14:07|   1.5|  0.0|INFORM|Saving spatial index into file '/private/tmp/wb-cache-webapp.bcroads-zMxSYj/Main_CoordinateSystemSetter -1 5 fo 0 OUTPUT  0  5fb882d9c4ec9368408c7d7b4c507174a31aaf18.fsi'
2019-08-25 18:14:07|   1.5|  0.0|INFORM|Finished saving spatial index into file '/private/tmp/wb-cache-webapp.bcroads-zMxSYj/Main_CoordinateSystemSetter -1 5 fo 0 OUTPUT  0  5fb882d9c4ec9368408c7d7b4c507174a31aaf18.fsi'
2019-08-25 18:14:07|   1.6|  0.0|STATS |Stored 50 feature(s) to FME feature store file `/private/tmp/wb-cache-webapp.bcroads-zMxSYj/Main_CoordinateSystemSetter_2 -1 15 fo 0 OUTPUT  0  137c1673bd2b497fe7ea843b5961bca893538457.ffsupdating'
2019-08-25 18:14:07|   1.6|  0.0|INFORM|Saving spatial index into file '/private/tmp/wb-cache-webapp.bcroads-zMxSYj/Main_CoordinateSystemSetter_2 -1 15 fo 0 OUTPUT  0  137c1673bd2b497fe7ea843b5961bca893538457.fsi'
2019-08-25 18:14:07|   1.6|  0.0|INFORM|Finished saving spatial index into file '/private/tmp/wb-cache-webapp.bcroads-zMxSYj/Main_CoordinateSystemSetter_2 -1 15 fo 0 OUTPUT  0  137c1673bd2b497fe7ea843b5961bca893538457.fsi'
2019-08-25 18:14:07|   1.6|  0.0|STATS |Stored 1 feature(s) to FME feature store file `/private/tmp/wb-cache-webapp.bcroads-zMxSYj/Main_HTTPCaller -1 7 fo 0 Output  0  b808324a0b0f3aded355149b1713af3ae02be924.ffsupdating'
2019-08-25 18:14:07|   1.6|  0.0|INFORM|Saving spatial index into file '/private/tmp/wb-cache-webapp.bcroads-zMxSYj/Main_HTTPCaller -1 7 fo 0 Output  0  b808324a0b0f3aded355149b1713af3ae02be924.fsi'
2019-08-25 18:14:07|   1.6|  0.0|INFORM|Finished saving spatial index into file '/private/tmp/wb-cache-webapp.bcroads-zMxSYj/Main_HTTPCaller -1 7 fo 0 Output  0  b808324a0b0f3aded355149b1713af3ae02be924.fsi'
2019-08-25 18:14:07|   1.6|  0.0|STATS |Stored 50 feature(s) to FME feature store file `/private/tmp/wb-cache-webapp.bcroads-zMxSYj/Main_GeometryReplacer_2 -1 13 fo 0 OUTPUT  0  2d4146421322d8f270a4a27a64578373ce6e0d47.ffsupdating'
2019-08-25 18:14:08|   1.6|  0.0|INFORM|Saving spatial index into file '/private/tmp/wb-cache-webapp.bcroads-zMxSYj/Main_GeometryReplacer_2 -1 13 fo 0 OUTPUT  0  2d4146421322d8f270a4a27a64578373ce6e0d47.fsi'
2019-08-25 18:14:08|   1.6|  0.0|INFORM|Finished saving spatial index into file '/private/tmp/wb-cache-webapp.bcroads-zMxSYj/Main_GeometryReplacer_2 -1 13 fo 0 OUTPUT  0  2d4146421322d8f270a4a27a64578373ce6e0d47.fsi'
2019-08-25 18:14:08|   1.6|  0.0|STATS |Stored 50 feature(s) to FME feature store file `/private/tmp/wb-cache-webapp.bcroads-zMxSYj/Main_JSONFragmenter_2 -1 11 fo 0 FRAGMENTS  0  b0c1845e03144c2c508f19e13dd79346e2ba5caf.ffsupdating'
2019-08-25 18:14:08|   1.6|  0.0|INFORM|Saving spatial index into file '/private/tmp/wb-cache-webapp.bcroads-zMxSYj/Main_JSONFragmenter_2 -1 11 fo 0 FRAGMENTS  0  b0c1845e03144c2c508f19e13dd79346e2ba5caf.fsi'
2019-08-25 18:14:08|   1.6|  0.0|INFORM|Finished saving spatial index into file '/private/tmp/wb-cache-webapp.bcroads-zMxSYj/Main_JSONFragmenter_2 -1 11 fo 0 FRAGMENTS  0  b0c1845e03144c2c508f19e13dd79346e2ba5caf.fsi'
2019-08-25 18:14:08|   1.6|  0.0|STATS |Stored 1 feature(s) to FME feature store file `/private/tmp/wb-cache-webapp.bcroads-zMxSYj/Main_GeometryReplacer -1 3 fo 0 OUTPUT  0  aaac417c0bf640bddd98e0f7b5254d7f000c648b.ffsupdating'
2019-08-25 18:14:08|   1.6|  0.0|INFORM|Saving spatial index into file '/private/tmp/wb-cache-webapp.bcroads-zMxSYj/Main_GeometryReplacer -1 3 fo 0 OUTPUT  0  aaac417c0bf640bddd98e0f7b5254d7f000c648b.fsi'
2019-08-25 18:14:08|   1.6|  0.0|INFORM|Finished saving spatial index into file '/private/tmp/wb-cache-webapp.bcroads-zMxSYj/Main_GeometryReplacer -1 3 fo 0 OUTPUT  0  aaac417c0bf640bddd98e0f7b5254d7f000c648b.fsi'
2019-08-25 18:14:08|   1.6|  0.0|STATS |Stored 50 feature(s) to FME feature store file `/private/tmp/wb-cache-webapp.bcroads-zMxSYj/Main_JSONFragmenter -1 9 fo 0 FRAGMENTS  0  26fea7915d67a1ac6b31f7f80ae55eafb7667270.ffsupdating'
2019-08-25 18:14:08|   1.6|  0.0|INFORM|Saving spatial index into file '/private/tmp/wb-cache-webapp.bcroads-zMxSYj/Main_JSONFragmenter -1 9 fo 0 FRAGMENTS  0  26fea7915d67a1ac6b31f7f80ae55eafb7667270.fsi'
2019-08-25 18:14:08|   1.6|  0.0|INFORM|Finished saving spatial index into file '/private/tmp/wb-cache-webapp.bcroads-zMxSYj/Main_JSONFragmenter -1 9 fo 0 FRAGMENTS  0  26fea7915d67a1ac6b31f7f80ae55eafb7667270.fsi'
2019-08-25 18:14:08|   1.6|  0.0|STATS |NoFeaturesTester_NOINPUT Feature Counter -1 2147614740 (TeeFactory): Cloned 0 input feature(s) into 0 output feature(s)
2019-08-25 18:14:08|   1.6|  0.0|STATS |NoFeaturesTester_OUTPUT Feature Counter -1 2147680276 (TeeFactory): Cloned 3 input feature(s) into 0 output feature(s)
2019-08-25 18:14:08|   1.6|  0.0|STATS |Destination Feature Type Routing Correlator (RoutingFactory): Tested 0 input feature(s), wrote 0 output feature(s): 0 matched merge filters, 0 were routed to output, 0 could not be routed.
2019-08-25 18:14:08|   1.6|  0.0|STATS |Final Output Nuker (TeeFactory): Cloned 0 input feature(s) into 0 output feature(s)
2019-08-25 18:14:08|   1.6|  0.0|STATS |=-=-=-=-=-=-=-=-=-=-=-=-=-=-=-=-=-=-=-=-=-=-=-=-=-=-=-=-=-=-=-=-=-=-=-=-=-=-=-
2019-08-25 18:14:08|   1.6|  0.0|STATS |                            Features Read Summary
2019-08-25 18:14:08|   1.6|  0.0|STATS |=-=-=-=-=-=-=-=-=-=-=-=-=-=-=-=-=-=-=-=-=-=-=-=-=-=-=-=-=-=-=-=-=-=-=-=-=-=-=-
2019-08-25 18:14:08|   1.6|  0.0|STATS |==============================================================================
2019-08-25 18:14:08|   1.6|  0.0|STATS |Total Features Read                                                          0
2019-08-25 18:14:08|   1.6|  0.0|STATS |=-=-=-=-=-=-=-=-=-=-=-=-=-=-=-=-=-=-=-=-=-=-=-=-=-=-=-=-=-=-=-=-=-=-=-=-=-=-=-
2019-08-25 18:14:08|   1.6|  0.0|STATS |=-=-=-=-=-=-=-=-=-=-=-=-=-=-=-=-=-=-=-=-=-=-=-=-=-=-=-=-=-=-=-=-=-=-=-=-=-=-=-
2019-08-25 18:14:08|   1.6|  0.0|STATS |                           Features Written Summary
2019-08-25 18:14:08|   1.6|  0.0|STATS |=-=-=-=-=-=-=-=-=-=-=-=-=-=-=-=-=-=-=-=-=-=-=-=-=-=-=-=-=-=-=-=-=-=-=-=-=-=-=-
2019-08-25 18:14:08|   1.6|  0.0|STATS |==============================================================================
2019-08-25 18:14:08|   1.6|  0.0|STATS |Total Features Written                                                       0
2019-08-25 18:14:08|   1.6|  0.0|STATS |=-=-=-=-=-=-=-=-=-=-=-=-=-=-=-=-=-=-=-=-=-=-=-=-=-=-=-=-=-=-=-=-=-=-=-=-=-=-=-
2019-08-25 18:14:08|   1.6|  0.0|WARN  |-~-~-~-~-~-~-~-~-~-~-~-~-~-~-~-~-~-~-~-~-~-~-~-~-~-~-~-~-~-~-~-~-~-~-~-~-~-~-~-~-
2019-08-25 18:14:08|   1.6|  0.0|WARN  |-~                                                                             ~-
2019-08-25 18:14:08|   1.6|  0.0|WARN  |-~    Feature caches have been recorded at every stage of the translation.     ~-
2019-08-25 18:14:08|   1.6|  0.0|WARN  |-~                      To inspect the recorded features,                      ~-
2019-08-25 18:14:08|   1.6|  0.0|WARN  |-~              click the feature cache icons next to the ports.               ~-
2019-08-25 18:14:08|   1.6|  0.0|WARN  |-~                                                                             ~-
2019-08-25 18:14:08|   1.6|  0.0|WARN  |-~-~-~-~-~-~-~-~-~-~-~-~-~-~-~-~-~-~-~-~-~-~-~-~-~-~-~-~-~-~-~-~-~-~-~-~-~-~-~-~-
2019-08-25 18:14:08|   1.6|  0.0|INFORM|Translation was SUCCESSFUL with 8 warning(s) (0 feature(s) output)
2019-08-25 18:14:08|   1.6|  0.0|INFORM|FME Session Duration: 5.3 seconds. (CPU: 1.2s user, 0.4s system)
2019-08-25 18:14:08|   1.6|  0.0|INFORM|END - ProcessID: 35937, peak process memory usage: 85908 kB, current process memory usage: 85908 kB
